<?xml version="1.0" encoding="UTF-8"?>
<!-- Generated by org.testng.reporters.JUnitXMLReporter -->
<testsuite hostname="DESKTOP-FEL46G5" name="Test" tests="7" failures="1" timestamp="13 Feb 2021 11:14:15 GMT" time="1997.594" errors="0">
  <testcase name="TC01" time="495.064" classname="testScripts.TestGeneric"/>
  <testcase name="TC02" time="286.867" classname="testScripts.TestGeneric"/>
  <testcase name="TC03" time="87.482" classname="testScripts.TestGeneric"/>
  <testcase name="TC04" time="318.487" classname="testScripts.TestGeneric"/>
  <testcase name="TC05" time="182.294" classname="testScripts.TestGeneric"/>
  <testcase name="TC06" time="363.365" classname="testScripts.TestGeneric"/>
  <testcase name="TC07" time="197.541" classname="testScripts.TestGeneric">
    <failure type="java.lang.AssertionError" message="expected [true] but found [false]">
      <![CDATA[java.lang.AssertionError: expected [true] but found [false]
	at frameworkLibrary.ReportLibrary.reportEvent(ReportLibrary.java:72)
	at applicationPages.NewDLSlotBookingPage.Clickon_Next(NewDLSlotBookingPage.java:409)
	at applicationPages.Flows.LL_DL_ServiceSlotbooking(Flows.java:414)
	at applicationPages.Flows.Initiate_Public_Flows(Flows.java:162)
	at applicationPages.Flows.Verify_ApplicationCurrentStatus(Flows.java:96)
	at applicationPages.Flows.VerifyFlows(Flows.java:87)
	at applicationPages.DLServices.SelcectService(DLServices.java:1108)
	at applicationPages.DLServices.Continuewithdetails(DLServices.java:1788)
	at applicationPages.DLServices.Clickon_ServicesonDL(DLServices.java:62)
	at applicationPages.DLModule.Validate_Service(DLModule.java:401)
	at testScripts.TestGeneric.TC07(TestGeneric.java:133)
... Removed 29 stack frames]]>
    </failure>
  </testcase> <!-- TC07 -->
</testsuite> <!-- Test -->
